# JRE version: Java(TM) SE Runtime Environment (8.0_171-b11) (build 1.8.0_171-b11)
# Java VM: Java HotSpot(TM) 64-Bit Server VM (25.171-b11 mixed mode windows-amd64 compressed oops)
Heap:
 PSYoungGen      total 200704K, used 96367K [0x00000000d5e00000, 0x00000000e3f00000, 0x0000000100000000)
  eden space 171008K, 54% used [0x00000000d5e00000,0x00000000db8a7f98,0x00000000e0500000)
  from space 29696K, 11% used [0x00000000e0500000,0x00000000e0874010,0x00000000e2200000)
  to   space 27648K, 0% used [0x00000000e2400000,0x00000000e2400000,0x00000000e3f00000)
 ParOldGen       total 114688K, used 50460K [0x0000000081a00000, 0x0000000088a00000, 0x00000000d5e00000)
  object space 114688K, 43% used [0x0000000081a00000,0x0000000084b47160,0x0000000088a00000)
 Metaspace       used 25007K, capacity 25790K, committed 25984K, reserved 1073152K
  class space    used 2939K, capacity 3165K, committed 3200K, reserved 1048576K
GC Heap History (10 events):
Event: 14.974 GC heap before
{Heap before GC invocations=8 (full 0):
 PSYoungGen      total 146944K, used 83123K [0x00000000d5e00000, 0x00000000dfd00000, 0x0000000100000000)
  eden space 132096K, 51% used [0x00000000d5e00000,0x00000000da0b0f20,0x00000000ddf00000)
  from space 14848K, 99% used [0x00000000ddf00000,0x00000000ded7c010,0x00000000ded80000)
  to   space 13824K, 0% used [0x00000000ded80000,0x00000000ded80000,0x00000000dfb00000)
 ParOldGen       total 87552K, used 19913K [0x0000000081a00000, 0x0000000086f80000, 0x00000000d5e00000)
  object space 87552K, 22% used [0x0000000081a00000,0x0000000082d725b0,0x0000000086f80000)
 Metaspace       used 20529K, capacity 21170K, committed 21248K, reserved 1069056K
  class space    used 2372K, capacity 2541K, committed 2560K, reserved 1048576K
Event: 15.028 GC heap after
Heap after GC invocations=8 (full 0):
 PSYoungGen      total 145920K, used 13810K [0x00000000d5e00000, 0x00000000dfd00000, 0x0000000100000000)
  eden space 132096K, 0% used [0x00000000d5e00000,0x00000000d5e00000,0x00000000ddf00000)
  from space 13824K, 99% used [0x00000000ded80000,0x00000000dfafcb60,0x00000000dfb00000)
  to   space 14848K, 0% used [0x00000000ddf00000,0x00000000ddf00000,0x00000000ded80000)
 ParOldGen       total 87552K, used 44315K [0x0000000081a00000, 0x0000000086f80000, 0x00000000d5e00000)
  object space 87552K, 50% used [0x0000000081a00000,0x0000000084546d30,0x0000000086f80000)
 Metaspace       used 20529K, capacity 21170K, committed 21248K, reserved 1069056K
  class space    used 2372K, capacity 2541K, committed 2560K, reserved 1048576K
}
Event: 15.028 GC heap before
{Heap before GC invocations=9 (full 1):
 PSYoungGen      total 145920K, used 13810K [0x00000000d5e00000, 0x00000000dfd00000, 0x0000000100000000)
  eden space 132096K, 0% used [0x00000000d5e00000,0x00000000d5e00000,0x00000000ddf00000)
  from space 13824K, 99% used [0x00000000ded80000,0x00000000dfafcb60,0x00000000dfb00000)
  to   space 14848K, 0% used [0x00000000ddf00000,0x00000000ddf00000,0x00000000ded80000)
 ParOldGen       total 87552K, used 44315K [0x0000000081a00000, 0x0000000086f80000, 0x00000000d5e00000)
  object space 87552K, 50% used [0x0000000081a00000,0x0000000084546d30,0x0000000086f80000)
 Metaspace       used 20529K, capacity 21170K, committed 21248K, reserved 1069056K
  class space    used 2372K, capacity 2541K, committed 2560K, reserved 1048576K
Event: 15.289 GC heap after
Heap after GC invocations=9 (full 1):
 PSYoungGen      total 145920K, used 0K [0x00000000d5e00000, 0x00000000dfd00000, 0x0000000100000000)
  eden space 132096K, 0% used [0x00000000d5e00000,0x00000000d5e00000,0x00000000ddf00000)
  from space 13824K, 0% used [0x00000000ded80000,0x00000000ded80000,0x00000000dfb00000)
  to   space 14848K, 0% used [0x00000000ddf00000,0x00000000ddf00000,0x00000000ded80000)
 ParOldGen       total 114688K, used 50444K [0x0000000081a00000, 0x0000000088a00000, 0x00000000d5e00000)
  object space 114688K, 43% used [0x0000000081a00000,0x0000000084b43160,0x0000000088a00000)
 Metaspace       used 20529K, capacity 21170K, committed 21248K, reserved 1069056K
  class space    used 2372K, capacity 2541K, committed 2560K, reserved 1048576K
}
Event: 17.986 GC heap before
{Heap before GC invocations=10 (full 1):
 PSYoungGen      total 145920K, used 132096K [0x00000000d5e00000, 0x00000000dfd00000, 0x0000000100000000)
  eden space 132096K, 100% used [0x00000000d5e00000,0x00000000ddf00000,0x00000000ddf00000)
  from space 13824K, 0% used [0x00000000ded80000,0x00000000ded80000,0x00000000dfb00000)
  to   space 14848K, 0% used [0x00000000ddf00000,0x00000000ddf00000,0x00000000ded80000)
 ParOldGen       total 114688K, used 50444K [0x0000000081a00000, 0x0000000088a00000, 0x00000000d5e00000)
  object space 114688K, 43% used [0x0000000081a00000,0x0000000084b43160,0x0000000088a00000)
 Metaspace       used 21019K, capacity 21674K, committed 21888K, reserved 1069056K
  class space    used 2417K, capacity 2581K, committed 2688K, reserved 1048576K
Event: 17.990 GC heap after
Heap after GC invocations=10 (full 1):
 PSYoungGen      total 146944K, used 3433K [0x00000000d5e00000, 0x00000000e4180000, 0x0000000100000000)
  eden space 132096K, 0% used [0x00000000d5e00000,0x00000000d5e00000,0x00000000ddf00000)
  from space 14848K, 23% used [0x00000000ddf00000,0x00000000de25a7c0,0x00000000ded80000)
  to   space 30208K, 0% used [0x00000000e2400000,0x00000000e2400000,0x00000000e4180000)
 ParOldGen       total 114688K, used 50452K [0x0000000081a00000, 0x0000000088a00000, 0x00000000d5e00000)
  object space 114688K, 43% used [0x0000000081a00000,0x0000000084b45160,0x0000000088a00000)
 Metaspace       used 21019K, capacity 21674K, committed 21888K, reserved 1069056K
  class space    used 2417K, capacity 2581K, committed 2688K, reserved 1048576K
}
Event: 18.967 GC heap before
{Heap before GC invocations=11 (full 1):
 PSYoungGen      total 146944K, used 135529K [0x00000000d5e00000, 0x00000000e4180000, 0x0000000100000000)
  eden space 132096K, 100% used [0x00000000d5e00000,0x00000000ddf00000,0x00000000ddf00000)
  from space 14848K, 23% used [0x00000000ddf00000,0x00000000de25a7c0,0x00000000ded80000)
  to   space 30208K, 0% used [0x00000000e2400000,0x00000000e2400000,0x00000000e4180000)
 ParOldGen       total 114688K, used 50452K [0x0000000081a00000, 0x0000000088a00000, 0x00000000d5e00000)
  object space 114688K, 43% used [0x0000000081a00000,0x0000000084b45160,0x0000000088a00000)
 Metaspace       used 21064K, capacity 21738K, committed 21888K, reserved 1069056K
  class space    used 2418K, capacity 2581K, committed 2688K, reserved 1048576K
Event: 18.980 GC heap after
Heap after GC invocations=11 (full 1):
 PSYoungGen      total 198656K, used 2944K [0x00000000d5e00000, 0x00000000e3f00000, 0x0000000100000000)
  eden space 171008K, 0% used [0x00000000d5e00000,0x00000000d5e00000,0x00000000e0500000)
  from space 27648K, 10% used [0x00000000e2400000,0x00000000e26e0000,0x00000000e3f00000)
  to   space 29696K, 0% used [0x00000000e0500000,0x00000000e0500000,0x00000000e2200000)
 ParOldGen       total 114688K, used 50460K [0x0000000081a00000, 0x0000000088a00000, 0x00000000d5e00000)
  object space 114688K, 43% used [0x0000000081a00000,0x0000000084b47160,0x0000000088a00000)
 Metaspace       used 21064K, capacity 21738K, committed 21888K, reserved 1069056K
  class space    used 2418K, capacity 2581K, committed 2688K, reserved 1048576K
}
Event: 20.089 GC heap before
{Heap before GC invocations=12 (full 1):
 PSYoungGen      total 198656K, used 173952K [0x00000000d5e00000, 0x00000000e3f00000, 0x0000000100000000)
  eden space 171008K, 100% used [0x00000000d5e00000,0x00000000e0500000,0x00000000e0500000)
  from space 27648K, 10% used [0x00000000e2400000,0x00000000e26e0000,0x00000000e3f00000)
  to   space 29696K, 0% used [0x00000000e0500000,0x00000000e0500000,0x00000000e2200000)
 ParOldGen       total 114688K, used 50460K [0x0000000081a00000, 0x0000000088a00000, 0x00000000d5e00000)
  object space 114688K, 43% used [0x0000000081a00000,0x0000000084b47160,0x0000000088a00000)
 Metaspace       used 21071K, capacity 21738K, committed 21888K, reserved 1069056K
  class space    used 2418K, capacity 2581K, committed 2688K, reserved 1048576K
Event: 20.108 GC heap after
Heap after GC invocations=12 (full 1):
 PSYoungGen      total 200704K, used 3536K [0x00000000d5e00000, 0x00000000e3f00000, 0x0000000100000000)
  eden space 171008K, 0% used [0x00000000d5e00000,0x00000000d5e00000,0x00000000e0500000)
  from space 29696K, 11% used [0x00000000e0500000,0x00000000e0874010,0x00000000e2200000)
  to   space 27648K, 0% used [0x00000000e2400000,0x00000000e2400000,0x00000000e3f00000)
 ParOldGen       total 114688K, used 50460K [0x0000000081a00000, 0x0000000088a00000, 0x00000000d5e00000)
  object space 114688K, 43% used [0x0000000081a00000,0x0000000084b47160,0x0000000088a00000)
 Metaspace       used 21071K, capacity 21738K, committed 21888K, reserved 1069056K
  class space    used 2418K, capacity 2581K, committed 2688K, reserved 1048576K
}

